TN:
SF:app.js
FN:85,(anonymous_0)
FN:90,(anonymous_1)
FN:100,(anonymous_2)
FN:119,(anonymous_3)
FNF:4
FNH:3
FNDA:2,(anonymous_0)
FNDA:0,(anonymous_1)
FNDA:1,(anonymous_2)
FNDA:2,(anonymous_3)
DA:20,2
DA:22,2
DA:35,2
DA:80,2
DA:83,2
DA:84,2
DA:87,2
DA:91,0
DA:92,0
DA:97,2
DA:98,2
DA:100,2
DA:101,1
DA:102,1
DA:104,1
DA:107,2
DA:119,2
DA:120,2
DA:121,0
DA:122,0
DA:124,2
DA:138,2
LF:22
LH:18
BRDA:107,0,0,2
BRDA:107,0,1,0
BRDA:120,1,0,0
BRDA:120,1,1,2
BRF:4
BRH:2
end_of_record
TN:
SF:instrument.js
FN:33,(anonymous_0)
FNF:1
FNH:1
FNDA:2,(anonymous_0)
DA:5,2
DA:25,2
DA:28,2
DA:39,2
LF:4
LH:4
BRF:0
BRH:0
end_of_record
TN:
SF:controllers\authopera.js
FN:28,(anonymous_0)
FN:63,(anonymous_1)
FN:150,(anonymous_2)
FNF:3
FNH:3
FNDA:4,(anonymous_0)
FNDA:4,(anonymous_1)
FNDA:1,(anonymous_2)
DA:23,2
DA:28,2
DA:29,4
DA:33,4
DA:35,4
DA:36,4
DA:38,4
DA:40,1
DA:43,3
DA:45,3
DA:47,2
DA:49,2
DA:55,1
DA:57,1
DA:63,2
DA:66,4
DA:70,4
DA:71,4
DA:72,4
DA:74,4
DA:75,1
DA:78,3
DA:80,2
DA:82,1
DA:83,1
DA:86,1
DA:87,1
DA:91,1
DA:93,1
DA:95,1
DA:96,0
DA:97,0
DA:105,0
DA:106,0
DA:110,1
DA:111,1
DA:122,1
DA:123,1
DA:130,1
DA:132,1
DA:138,1
DA:140,1
DA:150,2
DA:152,1
DA:155,1
DA:156,1
DA:157,1
DA:159,1
DA:160,0
DA:164,1
DA:165,1
DA:166,1
DA:168,1
DA:170,1
DA:172,1
DA:173,0
DA:177,1
DA:178,1
DA:179,1
DA:181,1
DA:182,1
DA:183,1
DA:189,0
DA:190,0
LF:64
LH:56
BRDA:38,0,0,1
BRDA:38,0,1,3
BRDA:72,1,0,3
BRDA:72,1,1,1
BRDA:74,2,0,1
BRDA:74,2,1,3
BRDA:80,3,0,1
BRDA:80,3,1,1
BRDA:95,4,0,0
BRDA:95,4,1,1
BRDA:157,5,0,1
BRDA:157,5,1,1
BRDA:159,6,0,0
BRDA:159,6,1,1
BRDA:172,7,0,0
BRDA:172,7,1,1
BRF:16
BRH:13
end_of_record
TN:
SF:controllers\eventopera.js
FN:18,(anonymous_0)
FN:68,(anonymous_1)
FN:136,(anonymous_2)
FN:155,(anonymous_3)
FN:218,(anonymous_4)
FN:264,(anonymous_5)
FN:291,(anonymous_6)
FN:332,(anonymous_7)
FN:430,(anonymous_8)
FN:448,(anonymous_9)
FN:541,(anonymous_10)
FNF:11
FNH:11
FNDA:3,(anonymous_0)
FNDA:2,(anonymous_1)
FNDA:3,(anonymous_2)
FNDA:6,(anonymous_3)
FNDA:3,(anonymous_4)
FNDA:2,(anonymous_5)
FNDA:2,(anonymous_6)
FNDA:4,(anonymous_7)
FNDA:2,(anonymous_8)
FNDA:3,(anonymous_9)
FNDA:3,(anonymous_10)
DA:18,2
DA:20,3
DA:21,3
DA:23,3
DA:26,3
DA:27,3
DA:29,3
DA:30,1
DA:36,2
DA:37,2
DA:38,2
DA:54,2
DA:55,1
DA:56,1
DA:60,1
DA:61,1
DA:68,2
DA:69,2
DA:72,2
DA:75,2
DA:76,2
DA:77,1
DA:128,1
DA:129,1
DA:136,2
DA:138,3
DA:139,3
DA:141,2
DA:142,1
DA:145,1
DA:148,1
DA:149,1
DA:155,2
DA:158,6
DA:161,6
DA:162,6
DA:164,6
DA:165,1
DA:172,5
DA:173,5
DA:174,4
DA:176,4
DA:177,1
DA:181,3
DA:183,3
DA:184,3
DA:185,3
DA:186,3
DA:187,3
DA:196,3
DA:199,2
DA:200,1
DA:203,1
DA:206,2
DA:207,2
DA:218,2
DA:219,3
DA:235,3
DA:236,2
DA:237,1
DA:242,1
DA:247,1
DA:248,1
DA:264,2
DA:265,2
DA:266,2
DA:276,2
DA:280,2
DA:281,2
DA:282,1
DA:285,1
DA:286,1
DA:291,2
DA:292,2
DA:295,2
DA:302,0
DA:304,0
DA:305,0
DA:308,0
DA:311,0
DA:313,0
DA:314,0
DA:317,0
DA:318,0
DA:323,2
DA:324,2
DA:332,2
DA:334,4
DA:340,4
DA:345,4
DA:347,2
DA:348,1
DA:352,1
DA:353,1
DA:359,0
DA:363,0
DA:364,0
DA:366,0
DA:367,0
DA:368,0
DA:369,0
DA:371,0
DA:372,0
DA:373,0
DA:374,0
DA:375,0
DA:376,0
DA:377,0
DA:378,0
DA:381,0
DA:382,0
DA:383,0
DA:384,0
DA:385,0
DA:387,0
DA:389,0
DA:406,0
DA:407,0
DA:408,0
DA:412,0
DA:415,0
DA:419,0
DA:422,2
DA:423,2
DA:430,2
DA:432,2
DA:433,2
DA:434,2
DA:436,1
DA:440,1
DA:441,1
DA:448,2
DA:450,3
DA:452,3
DA:453,3
DA:454,3
DA:455,2
DA:457,2
DA:458,2
DA:462,0
DA:465,0
DA:466,0
DA:472,0
DA:473,0
DA:481,0
DA:483,0
DA:484,0
DA:486,0
DA:487,0
DA:488,0
DA:489,0
DA:490,0
DA:491,0
DA:492,0
DA:493,0
DA:494,0
DA:495,0
DA:496,0
DA:500,0
DA:501,0
DA:504,0
DA:505,0
DA:506,0
DA:507,0
DA:508,0
DA:509,0
DA:510,0
DA:511,0
DA:512,0
DA:513,0
DA:514,0
DA:520,0
DA:521,0
DA:522,0
DA:524,0
DA:529,1
DA:531,1
DA:541,2
DA:544,3
DA:565,3
DA:567,2
DA:568,1
DA:571,1
DA:573,1
DA:574,1
DA:575,1
DA:577,1
DA:581,1
DA:586,1
DA:587,1
LF:190
LH:117
BRDA:29,0,0,1
BRDA:29,0,1,2
BRDA:75,1,0,2
BRDA:75,1,1,0
BRDA:141,2,0,1
BRDA:141,2,1,1
BRDA:141,3,0,2
BRDA:141,3,1,1
BRDA:164,4,0,1
BRDA:164,4,1,5
BRDA:176,5,0,1
BRDA:176,5,1,3
BRDA:176,6,0,4
BRDA:176,6,1,3
BRDA:183,7,0,3
BRDA:183,7,1,0
BRDA:184,8,0,3
BRDA:184,8,1,0
BRDA:185,9,0,3
BRDA:185,9,1,0
BRDA:186,10,0,2
BRDA:186,10,1,1
BRDA:187,11,0,3
BRDA:187,11,1,0
BRDA:199,12,0,1
BRDA:199,12,1,1
BRDA:236,13,0,1
BRDA:236,13,1,1
BRDA:236,14,0,2
BRDA:236,14,1,1
BRDA:304,15,0,0
BRDA:304,15,1,0
BRDA:313,16,0,0
BRDA:313,16,1,0
BRDA:313,17,0,0
BRDA:313,17,1,0
BRDA:347,18,0,1
BRDA:347,18,1,1
BRDA:352,19,0,1
BRDA:352,19,1,0
BRDA:457,20,0,2
BRDA:457,20,1,0
BRDA:457,21,0,2
BRDA:457,21,1,1
BRDA:465,22,0,0
BRDA:465,22,1,0
BRDA:472,23,0,0
BRDA:472,23,1,0
BRDA:481,24,0,0
BRDA:481,24,1,0
BRDA:483,25,0,0
BRDA:483,25,1,0
BRDA:500,26,0,0
BRDA:500,26,1,0
BRDA:567,27,0,1
BRDA:567,27,1,1
BRDA:567,28,0,2
BRDA:567,28,1,1
BRF:58
BRH:35
end_of_record
TN:
SF:docs\SwaggerSchemaAuth.js
FNF:0
FNH:0
DA:3,2
DA:116,2
DA:197,2
LF:3
LH:3
BRF:0
BRH:0
end_of_record
TN:
SF:docs\swagger.js
FN:6,setupSwagger
FNF:1
FNH:1
FNDA:2,setupSwagger
DA:8,2
DA:44,2
LF:2
LH:2
BRF:0
BRH:0
end_of_record
TN:
SF:docs\swaggerSchemaBookuser.js
FNF:0
FNH:0
DA:1,2
DA:89,2
DA:174,2
DA:292,2
DA:368,2
DA:519,2
LF:6
LH:6
BRF:0
BRH:0
end_of_record
TN:
SF:docs\swaggerSchemaEventadmin.js
FNF:0
FNH:0
DA:2,2
DA:154,2
DA:222,2
DA:309,2
DA:442,2
LF:5
LH:5
BRF:0
BRH:0
end_of_record
TN:
SF:middleware\authmiddle.js
FN:15,(anonymous_0)
FNF:1
FNH:1
FNDA:37,(anonymous_0)
DA:8,2
DA:16,37
DA:17,37
DA:19,37
DA:20,0
DA:23,37
DA:26,37
DA:28,37
DA:29,36
DA:31,36
DA:34,36
DA:36,35
DA:39,35
DA:40,1
DA:46,34
DA:56,2
DA:58,2
LF:17
LH:16
BRDA:17,0,0,37
BRDA:17,0,1,37
BRDA:19,1,0,0
BRDA:19,1,1,37
BRDA:39,2,0,1
BRDA:39,2,1,34
BRDA:39,3,0,35
BRDA:39,3,1,34
BRF:8
BRH:7
end_of_record
TN:
SF:middleware\roleauth.js
FN:14,(anonymous_0)
FN:15,(anonymous_1)
FNF:2
FNH:2
FNDA:12,(anonymous_0)
FNDA:12,(anonymous_1)
DA:8,2
DA:15,12
DA:17,12
DA:18,0
LF:4
LH:3
BRDA:17,0,0,0
BRDA:17,0,1,12
BRF:2
BRH:1
end_of_record
TN:
SF:models\EMB.js
FNF:0
FNH:0
DA:6,2
DA:10,2
LF:2
LH:2
BRF:0
BRH:0
end_of_record
TN:
SF:models\EventLoc.js
FNF:0
FNH:0
DA:11,2
LF:1
LH:1
BRF:0
BRH:0
end_of_record
TN:
SF:models\Events.js
FNF:0
FNH:0
DA:5,2
DA:11,2
LF:2
LH:2
BRF:0
BRH:0
end_of_record
TN:
SF:models\Logs.js
FNF:0
FNH:0
DA:3,2
DA:9,2
LF:2
LH:2
BRF:0
BRH:0
end_of_record
TN:
SF:models\Users.js
FN:33,(anonymous_0)
FNF:1
FNH:0
FNDA:0,(anonymous_0)
DA:6,2
DA:13,2
DA:33,2
DA:34,0
DA:35,0
DA:37,0
DA:38,0
LF:7
LH:3
BRDA:34,0,0,0
BRDA:34,0,1,0
BRF:2
BRH:0
end_of_record
TN:
SF:routes\authroutes.js
FN:33,authroutes
FN:41,(anonymous_1)
FN:64,(anonymous_2)
FN:104,(anonymous_3)
FNF:4
FNH:4
FNDA:2,authroutes
FNDA:23,(anonymous_1)
FNDA:9,(anonymous_2)
FNDA:12,(anonymous_3)
DA:6,2
DA:38,2
DA:44,23
DA:45,23
DA:46,15
DA:51,8
DA:52,8
DA:53,4
DA:61,2
DA:65,9
DA:66,9
DA:67,3
DA:74,6
DA:75,6
DA:76,2
DA:99,2
DA:110,12
DA:112,12
DA:113,12
DA:118,12
DA:119,8
DA:126,4
LF:22
LH:22
BRDA:45,0,0,15
BRDA:45,0,1,8
BRDA:52,1,0,4
BRDA:52,1,1,4
BRDA:66,2,0,3
BRDA:66,2,1,6
BRDA:75,3,0,2
BRDA:75,3,1,4
BRDA:118,4,0,8
BRDA:118,4,1,4
BRF:10
BRH:10
end_of_record
TN:
SF:routes\eventroutes.js
FN:64,eventRoutes
FN:77,(anonymous_1)
FN:152,(anonymous_2)
FN:179,(anonymous_3)
FN:230,(anonymous_4)
FN:308,(anonymous_5)
FN:360,(anonymous_6)
FN:395,(anonymous_7)
FN:422,(anonymous_8)
FN:480,(anonymous_9)
FN:521,(anonymous_10)
FN:579,(anonymous_11)
FNF:12
FNH:12
FNDA:2,eventRoutes
FNDA:40,(anonymous_1)
FNDA:2,(anonymous_2)
FNDA:17,(anonymous_3)
FNDA:20,(anonymous_4)
FNDA:17,(anonymous_5)
FNDA:15,(anonymous_6)
FNDA:2,(anonymous_7)
FNDA:16,(anonymous_8)
FNDA:10,(anonymous_9)
FNDA:13,(anonymous_10)
FNDA:17,(anonymous_11)
DA:3,2
DA:73,2
DA:82,40
DA:85,40
DA:86,8
DA:94,32
DA:95,32
DA:97,32
DA:98,18
DA:100,18
DA:101,18
DA:107,14
DA:109,14
DA:110,11
DA:117,3
DA:119,3
DA:149,2
DA:157,2
DA:161,2
DA:162,0
DA:169,2
DA:177,2
DA:181,17
DA:183,17
DA:187,17
DA:188,8
DA:194,9
DA:196,6
DA:202,3
DA:228,2
DA:235,20
DA:242,20
DA:244,20
DA:246,8
DA:255,12
DA:257,12
DA:259,6
DA:268,6
DA:270,6
DA:272,0
DA:294,6
DA:303,2
DA:311,17
DA:314,17
DA:316,17
DA:318,8
DA:327,9
DA:329,9
DA:331,6
DA:342,3
DA:354,2
DA:362,15
DA:364,15
DA:368,15
DA:370,8
DA:377,7
DA:379,7
DA:381,5
DA:386,2
DA:391,2
DA:398,2
DA:402,2
DA:403,0
DA:410,2
DA:417,2
DA:424,16
DA:430,16
DA:432,8
DA:438,8
DA:440,8
DA:442,4
DA:450,4
DA:477,2
DA:482,10
DA:488,10
DA:491,8
DA:503,2
DA:515,2
DA:525,13
DA:531,13
DA:533,0
DA:540,13
DA:542,13
DA:544,4
DA:551,9
DA:554,9
DA:556,6
DA:563,3
DA:573,2
DA:581,17
DA:586,17
DA:588,8
DA:595,9
DA:597,9
DA:599,6
DA:606,3
LF:96
LH:92
BRDA:85,0,0,8
BRDA:85,0,1,32
BRDA:97,1,0,18
BRDA:97,1,1,14
BRDA:109,2,0,11
BRDA:109,2,1,3
BRDA:161,3,0,0
BRDA:161,3,1,2
BRDA:187,4,0,8
BRDA:187,4,1,9
BRDA:194,5,0,6
BRDA:194,5,1,3
BRDA:244,6,0,8
BRDA:244,6,1,12
BRDA:257,7,0,6
BRDA:257,7,1,6
BRDA:270,8,0,0
BRDA:270,8,1,6
BRDA:316,9,0,8
BRDA:316,9,1,9
BRDA:329,10,0,6
BRDA:329,10,1,3
BRDA:368,11,0,8
BRDA:368,11,1,7
BRDA:379,12,0,5
BRDA:379,12,1,2
BRDA:402,13,0,0
BRDA:402,13,1,2
BRDA:430,14,0,8
BRDA:430,14,1,8
BRDA:440,15,0,4
BRDA:440,15,1,4
BRDA:488,16,0,8
BRDA:488,16,1,2
BRDA:531,17,0,0
BRDA:531,17,1,13
BRDA:542,18,0,4
BRDA:542,18,1,9
BRDA:554,19,0,6
BRDA:554,19,1,3
BRDA:586,20,0,8
BRDA:586,20,1,9
BRDA:597,21,0,6
BRDA:597,21,1,3
BRF:44
BRH:40
end_of_record
TN:
SF:schemas\createEventSchema.js
FNF:0
FNH:0
DA:4,2
DA:8,2
LF:2
LH:2
BRF:0
BRH:0
end_of_record
TN:
SF:schemas\getbyidEventSchema.js
FNF:0
FNH:0
DA:5,2
DA:9,2
LF:2
LH:2
BRF:0
BRH:0
end_of_record
TN:
SF:schemas\loginUserSchema.js
FNF:0
FNH:0
DA:5,2
LF:1
LH:1
BRF:0
BRH:0
end_of_record
TN:
SF:schemas\posteventidSchema.js
FNF:0
FNH:0
DA:4,2
DA:8,2
LF:2
LH:2
BRF:0
BRH:0
end_of_record
TN:
SF:validators\AllHeader.js
FNF:0
FNH:0
DA:5,2
DA:9,2
LF:2
LH:2
BRF:0
BRH:0
end_of_record
TN:
SF:validators\Allparams.js
FNF:0
FNH:0
DA:6,2
DA:9,2
LF:2
LH:2
BRF:0
BRH:0
end_of_record
TN:
SF:validators\EMcreateEvent.js
FN:24,(anonymous_0)
FNF:1
FNH:1
FNDA:32,(anonymous_0)
DA:5,2
DA:9,2
DA:24,2
DA:25,32
DA:26,32
DA:28,183
DA:29,18
DA:36,14
LF:8
LH:8
BRDA:28,0,0,18
BRDA:28,0,1,165
BRF:2
BRH:2
end_of_record
TN:
SF:validators\EMgetEvents.js
FNF:0
FNH:0
DA:5,2
DA:8,2
LF:2
LH:2
BRF:0
BRH:0
end_of_record
TN:
SF:validators\EMgetbyidEvent.js
FNF:0
FNH:0
DA:5,2
DA:8,2
DA:17,2
LF:3
LH:3
BRF:0
BRH:0
end_of_record
TN:
SF:validators\EMupdateValidation.js
FNF:0
FNH:0
DA:5,2
DA:12,2
DA:19,2
DA:48,2
DA:58,2
LF:5
LH:5
BRF:0
BRH:0
end_of_record
TN:
SF:validators\EMzdeleteEvent.js
FNF:0
FNH:0
DA:5,2
DA:12,2
DA:20,2
DA:30,2
LF:4
LH:4
BRF:0
BRH:0
end_of_record
TN:
SF:validators\Udelete.js
FNF:0
FNH:0
DA:5,2
DA:17,2
DA:26,2
DA:36,2
LF:4
LH:4
BRF:0
BRH:0
end_of_record
TN:
SF:validators\Ueventbook.js
FNF:0
FNH:0
DA:5,2
DA:17,2
DA:24,2
DA:31,2
LF:4
LH:4
BRF:0
BRH:0
end_of_record
TN:
SF:validators\Ugetall.js
FNF:0
FNH:0
DA:5,2
DA:8,2
LF:2
LH:2
BRF:0
BRH:0
end_of_record
TN:
SF:validators\Uloc.js
FNF:0
FNH:0
DA:5,2
DA:17,2
DA:24,2
DA:31,2
LF:4
LH:4
BRF:0
BRH:0
end_of_record
TN:
SF:validators\Uupdate.js
FNF:0
FNH:0
DA:5,2
DA:17,2
DA:24,2
DA:30,2
DA:40,2
LF:5
LH:5
BRF:0
BRH:0
end_of_record
TN:
SF:validators\login.js
FN:19,(anonymous_0)
FNF:1
FNH:1
FNDA:9,(anonymous_0)
DA:5,2
DA:10,2
DA:19,2
DA:20,9
DA:21,9
DA:22,16
DA:23,3
DA:30,6
LF:8
LH:8
BRDA:22,0,0,3
BRDA:22,0,1,13
BRF:2
BRH:2
end_of_record
TN:
SF:validators\logout.js
FNF:0
FNH:0
DA:5,2
DA:9,2
LF:2
LH:2
BRF:0
BRH:0
end_of_record
TN:
SF:validators\registration.js
FN:21,(anonymous_0)
FNF:1
FNH:1
FNDA:23,(anonymous_0)
DA:5,2
DA:9,2
DA:21,2
DA:22,23
DA:23,23
DA:24,58
DA:25,15
DA:32,8
LF:8
LH:8
BRDA:24,0,0,15
BRDA:24,0,1,43
BRF:2
BRH:2
end_of_record
