TN:
SF:app.js
FN:85,(anonymous_0)
FN:90,(anonymous_1)
FN:100,(anonymous_2)
FN:119,(anonymous_3)
FNF:4
FNH:3
FNDA:1,(anonymous_0)
FNDA:0,(anonymous_1)
FNDA:2,(anonymous_2)
FNDA:1,(anonymous_3)
DA:20,1
DA:22,1
DA:35,1
DA:80,1
DA:83,1
DA:84,1
DA:87,1
DA:91,0
DA:92,0
DA:97,1
DA:98,1
DA:100,1
DA:101,2
DA:102,2
DA:104,2
DA:107,1
DA:119,1
DA:120,1
DA:121,0
DA:122,0
DA:124,1
DA:138,1
LF:22
LH:18
BRDA:107,0,0,1
BRDA:107,0,1,0
BRDA:120,1,0,0
BRDA:120,1,1,1
BRF:4
BRH:2
end_of_record
TN:
SF:instrument.js
FN:33,(anonymous_0)
FNF:1
FNH:1
FNDA:1,(anonymous_0)
DA:5,1
DA:25,1
DA:28,1
DA:39,1
LF:4
LH:4
BRF:0
BRH:0
end_of_record
TN:
SF:controllers\authopera.js
FN:28,(anonymous_0)
FN:63,(anonymous_1)
FN:150,(anonymous_2)
FNF:3
FNH:3
FNDA:4,(anonymous_0)
FNDA:4,(anonymous_1)
FNDA:1,(anonymous_2)
DA:23,1
DA:28,1
DA:29,4
DA:33,4
DA:35,4
DA:36,4
DA:38,4
DA:40,1
DA:43,3
DA:45,3
DA:47,2
DA:49,2
DA:55,1
DA:57,1
DA:63,1
DA:66,4
DA:70,4
DA:71,4
DA:72,4
DA:74,4
DA:75,1
DA:78,3
DA:80,2
DA:82,1
DA:83,1
DA:86,1
DA:87,1
DA:91,1
DA:93,1
DA:95,1
DA:96,0
DA:97,0
DA:105,0
DA:106,0
DA:110,1
DA:111,1
DA:122,1
DA:123,1
DA:130,1
DA:132,1
DA:138,1
DA:140,1
DA:150,1
DA:152,1
DA:155,1
DA:156,1
DA:157,1
DA:159,1
DA:160,0
DA:164,1
DA:165,1
DA:166,1
DA:168,1
DA:170,1
DA:172,1
DA:173,0
DA:177,1
DA:178,1
DA:179,1
DA:181,1
DA:182,1
DA:183,1
DA:189,0
DA:190,0
LF:64
LH:56
BRDA:38,0,0,1
BRDA:38,0,1,3
BRDA:72,1,0,3
BRDA:72,1,1,1
BRDA:74,2,0,1
BRDA:74,2,1,3
BRDA:80,3,0,1
BRDA:80,3,1,1
BRDA:95,4,0,0
BRDA:95,4,1,1
BRDA:157,5,0,1
BRDA:157,5,1,1
BRDA:159,6,0,0
BRDA:159,6,1,1
BRDA:172,7,0,0
BRDA:172,7,1,1
BRF:16
BRH:13
end_of_record
TN:
SF:controllers\eventopera.js
FN:18,(anonymous_0)
FN:68,(anonymous_1)
FN:136,(anonymous_2)
FN:155,(anonymous_3)
FN:218,(anonymous_4)
FN:264,(anonymous_5)
FN:291,(anonymous_6)
FN:332,(anonymous_7)
FN:430,(anonymous_8)
FN:448,(anonymous_9)
FN:541,(anonymous_10)
FNF:11
FNH:0
FNDA:0,(anonymous_0)
FNDA:0,(anonymous_1)
FNDA:0,(anonymous_2)
FNDA:0,(anonymous_3)
FNDA:0,(anonymous_4)
FNDA:0,(anonymous_5)
FNDA:0,(anonymous_6)
FNDA:0,(anonymous_7)
FNDA:0,(anonymous_8)
FNDA:0,(anonymous_9)
FNDA:0,(anonymous_10)
DA:18,1
DA:20,0
DA:21,0
DA:23,0
DA:26,0
DA:27,0
DA:29,0
DA:30,0
DA:36,0
DA:37,0
DA:38,0
DA:54,0
DA:55,0
DA:56,0
DA:60,0
DA:61,0
DA:68,1
DA:69,0
DA:72,0
DA:75,0
DA:76,0
DA:77,0
DA:128,0
DA:129,0
DA:136,1
DA:138,0
DA:139,0
DA:141,0
DA:142,0
DA:145,0
DA:148,0
DA:149,0
DA:155,1
DA:158,0
DA:161,0
DA:162,0
DA:164,0
DA:165,0
DA:172,0
DA:173,0
DA:174,0
DA:176,0
DA:177,0
DA:181,0
DA:183,0
DA:184,0
DA:185,0
DA:186,0
DA:187,0
DA:196,0
DA:199,0
DA:200,0
DA:203,0
DA:206,0
DA:207,0
DA:218,1
DA:219,0
DA:235,0
DA:236,0
DA:237,0
DA:242,0
DA:247,0
DA:248,0
DA:264,1
DA:265,0
DA:266,0
DA:276,0
DA:280,0
DA:281,0
DA:282,0
DA:285,0
DA:286,0
DA:291,1
DA:292,0
DA:295,0
DA:302,0
DA:304,0
DA:305,0
DA:308,0
DA:311,0
DA:313,0
DA:314,0
DA:317,0
DA:318,0
DA:323,0
DA:324,0
DA:332,1
DA:334,0
DA:340,0
DA:345,0
DA:347,0
DA:348,0
DA:352,0
DA:353,0
DA:359,0
DA:363,0
DA:364,0
DA:366,0
DA:367,0
DA:368,0
DA:369,0
DA:371,0
DA:372,0
DA:373,0
DA:374,0
DA:375,0
DA:376,0
DA:377,0
DA:378,0
DA:381,0
DA:382,0
DA:383,0
DA:384,0
DA:385,0
DA:387,0
DA:389,0
DA:406,0
DA:407,0
DA:408,0
DA:412,0
DA:415,0
DA:419,0
DA:422,0
DA:423,0
DA:430,1
DA:432,0
DA:433,0
DA:434,0
DA:436,0
DA:440,0
DA:441,0
DA:448,1
DA:450,0
DA:452,0
DA:453,0
DA:454,0
DA:455,0
DA:457,0
DA:458,0
DA:462,0
DA:465,0
DA:466,0
DA:472,0
DA:473,0
DA:481,0
DA:483,0
DA:484,0
DA:486,0
DA:487,0
DA:488,0
DA:489,0
DA:490,0
DA:491,0
DA:492,0
DA:493,0
DA:494,0
DA:495,0
DA:496,0
DA:500,0
DA:501,0
DA:504,0
DA:505,0
DA:506,0
DA:507,0
DA:508,0
DA:509,0
DA:510,0
DA:511,0
DA:512,0
DA:513,0
DA:514,0
DA:520,0
DA:521,0
DA:522,0
DA:524,0
DA:529,0
DA:531,0
DA:541,1
DA:544,0
DA:565,0
DA:567,0
DA:568,0
DA:571,0
DA:573,0
DA:574,0
DA:575,0
DA:577,0
DA:581,0
DA:586,0
DA:587,0
LF:190
LH:11
BRDA:29,0,0,0
BRDA:29,0,1,0
BRDA:75,1,0,0
BRDA:75,1,1,0
BRDA:141,2,0,0
BRDA:141,2,1,0
BRDA:141,3,0,0
BRDA:141,3,1,0
BRDA:164,4,0,0
BRDA:164,4,1,0
BRDA:176,5,0,0
BRDA:176,5,1,0
BRDA:176,6,0,0
BRDA:176,6,1,0
BRDA:183,7,0,0
BRDA:183,7,1,0
BRDA:184,8,0,0
BRDA:184,8,1,0
BRDA:185,9,0,0
BRDA:185,9,1,0
BRDA:186,10,0,0
BRDA:186,10,1,0
BRDA:187,11,0,0
BRDA:187,11,1,0
BRDA:199,12,0,0
BRDA:199,12,1,0
BRDA:236,13,0,0
BRDA:236,13,1,0
BRDA:236,14,0,0
BRDA:236,14,1,0
BRDA:304,15,0,0
BRDA:304,15,1,0
BRDA:313,16,0,0
BRDA:313,16,1,0
BRDA:313,17,0,0
BRDA:313,17,1,0
BRDA:347,18,0,0
BRDA:347,18,1,0
BRDA:352,19,0,0
BRDA:352,19,1,0
BRDA:457,20,0,0
BRDA:457,20,1,0
BRDA:457,21,0,0
BRDA:457,21,1,0
BRDA:465,22,0,0
BRDA:465,22,1,0
BRDA:472,23,0,0
BRDA:472,23,1,0
BRDA:481,24,0,0
BRDA:481,24,1,0
BRDA:483,25,0,0
BRDA:483,25,1,0
BRDA:500,26,0,0
BRDA:500,26,1,0
BRDA:567,27,0,0
BRDA:567,27,1,0
BRDA:567,28,0,0
BRDA:567,28,1,0
BRF:58
BRH:0
end_of_record
TN:
SF:docs\SwaggerSchemaAuth.js
FNF:0
FNH:0
DA:3,1
DA:116,1
DA:197,1
LF:3
LH:3
BRF:0
BRH:0
end_of_record
TN:
SF:docs\swagger.js
FN:6,setupSwagger
FNF:1
FNH:1
FNDA:1,setupSwagger
DA:8,1
DA:44,1
LF:2
LH:2
BRF:0
BRH:0
end_of_record
TN:
SF:docs\swaggerSchemaBookuser.js
FNF:0
FNH:0
DA:1,1
DA:64,1
DA:127,1
DA:212,1
DA:273,1
DA:370,1
LF:6
LH:6
BRF:0
BRH:0
end_of_record
TN:
SF:docs\swaggerSchemaEventadmin.js
FNF:0
FNH:0
DA:2,1
DA:127,1
DA:192,1
DA:267,1
DA:358,1
LF:5
LH:5
BRF:0
BRH:0
end_of_record
TN:
SF:middleware\authmiddle.js
FN:15,(anonymous_0)
FNF:1
FNH:1
FNDA:4,(anonymous_0)
DA:8,1
DA:16,4
DA:17,4
DA:19,4
DA:20,0
DA:23,4
DA:26,4
DA:28,4
DA:29,3
DA:31,3
DA:34,3
DA:36,2
DA:39,2
DA:40,1
DA:46,1
DA:56,2
DA:58,2
LF:17
LH:16
BRDA:17,0,0,4
BRDA:17,0,1,4
BRDA:19,1,0,0
BRDA:19,1,1,4
BRDA:39,2,0,1
BRDA:39,2,1,1
BRDA:39,3,0,2
BRDA:39,3,1,1
BRF:8
BRH:7
end_of_record
TN:
SF:middleware\roleauth.js
FN:14,(anonymous_0)
FN:15,(anonymous_1)
FNF:2
FNH:0
FNDA:0,(anonymous_0)
FNDA:0,(anonymous_1)
DA:8,1
DA:15,0
DA:17,0
DA:18,0
LF:4
LH:1
BRDA:17,0,0,0
BRDA:17,0,1,0
BRF:2
BRH:0
end_of_record
TN:
SF:models\EMB.js
FNF:0
FNH:0
DA:6,1
DA:10,1
LF:2
LH:2
BRF:0
BRH:0
end_of_record
TN:
SF:models\EventLoc.js
FNF:0
FNH:0
DA:11,1
LF:1
LH:1
BRF:0
BRH:0
end_of_record
TN:
SF:models\Events.js
FNF:0
FNH:0
DA:5,1
DA:11,1
LF:2
LH:2
BRF:0
BRH:0
end_of_record
TN:
SF:models\Logs.js
FNF:0
FNH:0
DA:3,1
DA:9,1
LF:2
LH:2
BRF:0
BRH:0
end_of_record
TN:
SF:models\Users.js
FN:33,(anonymous_0)
FNF:1
FNH:0
FNDA:0,(anonymous_0)
DA:6,1
DA:13,1
DA:33,1
DA:34,0
DA:35,0
DA:37,0
DA:38,0
LF:7
LH:3
BRDA:34,0,0,0
BRDA:34,0,1,0
BRF:2
BRH:0
end_of_record
TN:
SF:routes\authroutes.js
FN:33,authroutes
FN:41,(anonymous_1)
FN:64,(anonymous_2)
FN:104,(anonymous_3)
FNF:4
FNH:4
FNDA:1,authroutes
FNDA:21,(anonymous_1)
FNDA:9,(anonymous_2)
FNDA:4,(anonymous_3)
DA:6,1
DA:38,1
DA:44,21
DA:45,21
DA:46,15
DA:51,6
DA:52,6
DA:53,2
DA:61,1
DA:65,9
DA:66,9
DA:67,3
DA:74,6
DA:75,6
DA:76,2
DA:99,1
DA:110,4
DA:112,4
DA:113,4
DA:118,4
DA:119,0
DA:126,4
LF:22
LH:21
BRDA:45,0,0,15
BRDA:45,0,1,6
BRDA:52,1,0,2
BRDA:52,1,1,4
BRDA:66,2,0,3
BRDA:66,2,1,6
BRDA:75,3,0,2
BRDA:75,3,1,4
BRDA:118,4,0,0
BRDA:118,4,1,4
BRF:10
BRH:9
end_of_record
TN:
SF:routes\eventroutes.js
FN:64,eventRoutes
FN:77,(anonymous_1)
FN:152,(anonymous_2)
FN:179,(anonymous_3)
FN:230,(anonymous_4)
FN:308,(anonymous_5)
FN:360,(anonymous_6)
FN:395,(anonymous_7)
FN:422,(anonymous_8)
FN:480,(anonymous_9)
FN:521,(anonymous_10)
FN:579,(anonymous_11)
FNF:12
FNH:1
FNDA:1,eventRoutes
FNDA:0,(anonymous_1)
FNDA:0,(anonymous_2)
FNDA:0,(anonymous_3)
FNDA:0,(anonymous_4)
FNDA:0,(anonymous_5)
FNDA:0,(anonymous_6)
FNDA:0,(anonymous_7)
FNDA:0,(anonymous_8)
FNDA:0,(anonymous_9)
FNDA:0,(anonymous_10)
FNDA:0,(anonymous_11)
DA:3,1
DA:73,1
DA:82,0
DA:85,0
DA:86,0
DA:94,0
DA:95,0
DA:97,0
DA:98,0
DA:100,0
DA:101,0
DA:107,0
DA:109,0
DA:110,0
DA:117,0
DA:119,0
DA:149,1
DA:157,0
DA:161,0
DA:162,0
DA:169,0
DA:177,1
DA:181,0
DA:183,0
DA:187,0
DA:188,0
DA:194,0
DA:196,0
DA:202,0
DA:228,1
DA:235,0
DA:242,0
DA:244,0
DA:246,0
DA:255,0
DA:257,0
DA:259,0
DA:268,0
DA:270,0
DA:272,0
DA:294,0
DA:303,1
DA:311,0
DA:314,0
DA:316,0
DA:318,0
DA:327,0
DA:329,0
DA:331,0
DA:342,0
DA:354,1
DA:362,0
DA:364,0
DA:368,0
DA:370,0
DA:377,0
DA:379,0
DA:381,0
DA:386,0
DA:391,1
DA:398,0
DA:402,0
DA:403,0
DA:410,0
DA:417,1
DA:424,0
DA:430,0
DA:432,0
DA:438,0
DA:440,0
DA:442,0
DA:450,0
DA:477,1
DA:482,0
DA:488,0
DA:491,0
DA:503,0
DA:515,1
DA:525,0
DA:531,0
DA:533,0
DA:540,0
DA:542,0
DA:544,0
DA:551,0
DA:554,0
DA:556,0
DA:563,0
DA:573,1
DA:581,0
DA:586,0
DA:588,0
DA:595,0
DA:597,0
DA:599,0
DA:606,0
LF:96
LH:12
BRDA:85,0,0,0
BRDA:85,0,1,0
BRDA:97,1,0,0
BRDA:97,1,1,0
BRDA:109,2,0,0
BRDA:109,2,1,0
BRDA:161,3,0,0
BRDA:161,3,1,0
BRDA:187,4,0,0
BRDA:187,4,1,0
BRDA:194,5,0,0
BRDA:194,5,1,0
BRDA:244,6,0,0
BRDA:244,6,1,0
BRDA:257,7,0,0
BRDA:257,7,1,0
BRDA:270,8,0,0
BRDA:270,8,1,0
BRDA:316,9,0,0
BRDA:316,9,1,0
BRDA:329,10,0,0
BRDA:329,10,1,0
BRDA:368,11,0,0
BRDA:368,11,1,0
BRDA:379,12,0,0
BRDA:379,12,1,0
BRDA:402,13,0,0
BRDA:402,13,1,0
BRDA:430,14,0,0
BRDA:430,14,1,0
BRDA:440,15,0,0
BRDA:440,15,1,0
BRDA:488,16,0,0
BRDA:488,16,1,0
BRDA:531,17,0,0
BRDA:531,17,1,0
BRDA:542,18,0,0
BRDA:542,18,1,0
BRDA:554,19,0,0
BRDA:554,19,1,0
BRDA:586,20,0,0
BRDA:586,20,1,0
BRDA:597,21,0,0
BRDA:597,21,1,0
BRF:44
BRH:0
end_of_record
TN:
SF:schemas\createEventSchema.js
FNF:0
FNH:0
DA:4,1
DA:8,1
LF:2
LH:2
BRF:0
BRH:0
end_of_record
TN:
SF:schemas\getbyidEventSchema.js
FNF:0
FNH:0
DA:5,1
DA:9,1
LF:2
LH:2
BRF:0
BRH:0
end_of_record
TN:
SF:schemas\loginUserSchema.js
FNF:0
FNH:0
DA:5,1
LF:1
LH:1
BRF:0
BRH:0
end_of_record
TN:
SF:schemas\posteventidSchema.js
FNF:0
FNH:0
DA:4,1
DA:8,1
LF:2
LH:2
BRF:0
BRH:0
end_of_record
TN:
SF:validators\AllHeader.js
FNF:0
FNH:0
DA:5,1
DA:9,1
LF:2
LH:2
BRF:0
BRH:0
end_of_record
TN:
SF:validators\Allparams.js
FNF:0
FNH:0
DA:6,1
DA:9,1
LF:2
LH:2
BRF:0
BRH:0
end_of_record
TN:
SF:validators\EMcreateEvent.js
FN:24,(anonymous_0)
FNF:1
FNH:0
FNDA:0,(anonymous_0)
DA:5,1
DA:9,1
DA:24,1
DA:25,0
DA:26,0
DA:28,0
DA:29,0
DA:36,0
LF:8
LH:3
BRDA:28,0,0,0
BRDA:28,0,1,0
BRF:2
BRH:0
end_of_record
TN:
SF:validators\EMgetEvents.js
FNF:0
FNH:0
DA:5,1
DA:8,1
LF:2
LH:2
BRF:0
BRH:0
end_of_record
TN:
SF:validators\EMgetbyidEvent.js
FNF:0
FNH:0
DA:5,1
DA:8,1
DA:17,1
LF:3
LH:3
BRF:0
BRH:0
end_of_record
TN:
SF:validators\EMupdateValidation.js
FNF:0
FNH:0
DA:5,1
DA:12,1
DA:19,1
DA:48,1
DA:58,1
LF:5
LH:5
BRF:0
BRH:0
end_of_record
TN:
SF:validators\EMzdeleteEvent.js
FNF:0
FNH:0
DA:5,1
DA:12,1
DA:20,1
DA:30,1
LF:4
LH:4
BRF:0
BRH:0
end_of_record
TN:
SF:validators\Udelete.js
FNF:0
FNH:0
DA:5,1
DA:17,1
DA:26,1
DA:36,1
LF:4
LH:4
BRF:0
BRH:0
end_of_record
TN:
SF:validators\Ueventbook.js
FNF:0
FNH:0
DA:5,1
DA:17,1
DA:24,1
DA:31,1
LF:4
LH:4
BRF:0
BRH:0
end_of_record
TN:
SF:validators\Ugetall.js
FNF:0
FNH:0
DA:5,1
DA:8,1
LF:2
LH:2
BRF:0
BRH:0
end_of_record
TN:
SF:validators\Uloc.js
FNF:0
FNH:0
DA:5,1
DA:17,1
DA:24,1
DA:31,1
LF:4
LH:4
BRF:0
BRH:0
end_of_record
TN:
SF:validators\Uupdate.js
FNF:0
FNH:0
DA:5,1
DA:17,1
DA:24,1
DA:30,1
DA:40,1
LF:5
LH:5
BRF:0
BRH:0
end_of_record
TN:
SF:validators\login.js
FN:19,(anonymous_0)
FNF:1
FNH:1
FNDA:9,(anonymous_0)
DA:5,1
DA:10,1
DA:19,1
DA:20,9
DA:21,9
DA:22,16
DA:23,3
DA:30,6
LF:8
LH:8
BRDA:22,0,0,3
BRDA:22,0,1,13
BRF:2
BRH:2
end_of_record
TN:
SF:validators\logout.js
FNF:0
FNH:0
DA:5,1
DA:9,1
LF:2
LH:2
BRF:0
BRH:0
end_of_record
TN:
SF:validators\registration.js
FN:21,(anonymous_0)
FNF:1
FNH:1
FNDA:21,(anonymous_0)
DA:5,1
DA:9,1
DA:21,1
DA:22,21
DA:23,21
DA:24,50
DA:25,15
DA:32,6
LF:8
LH:8
BRDA:24,0,0,15
BRDA:24,0,1,35
BRF:2
BRH:2
end_of_record
